{"/home/jarancibia/ai/dcli/cli/help-json.js": {"path":"/home/jarancibia/ai/dcli/cli/help-json.js","statementMap":{"0":{"start":{"line":2,"column":19},"end":{"line":15,"column":3}},"1":{"start":{"line":16,"column":2},"end":{"line":16,"column":90}},"2":{"start":{"line":16,"column":17},"end":{"line":16,"column":90}},"3":{"start":{"line":17,"column":2},"end":{"line":17,"column":160}},"4":{"start":{"line":17,"column":59},"end":{"line":17,"column":160}},"5":{"start":{"line":19,"column":2},"end":{"line":44,"column":3}},"6":{"start":{"line":24,"column":61},"end":{"line":24,"column":72}},"7":{"start":{"line":47,"column":0},"end":{"line":47,"column":38}}},"fnMap":{"0":{"name":"buildCapabilities","decl":{"start":{"line":1,"column":9},"end":{"line":1,"column":26}},"loc":{"start":{"line":1,"column":46},"end":{"line":45,"column":1}},"line":1},"1":{"name":"(anonymous_1)","decl":{"start":{"line":24,"column":56},"end":{"line":24,"column":57}},"loc":{"start":{"line":24,"column":61},"end":{"line":24,"column":72}},"line":24}},"branchMap":{"0":{"loc":{"start":{"line":16,"column":2},"end":{"line":16,"column":90}},"type":"if","locations":[{"start":{"line":16,"column":2},"end":{"line":16,"column":90}},{"start":{},"end":{}}],"line":16},"1":{"loc":{"start":{"line":17,"column":2},"end":{"line":17,"column":160}},"type":"if","locations":[{"start":{"line":17,"column":2},"end":{"line":17,"column":160}},{"start":{},"end":{}}],"line":17},"2":{"loc":{"start":{"line":17,"column":6},"end":{"line":17,"column":57}},"type":"binary-expr","locations":[{"start":{"line":17,"column":6},"end":{"line":17,"column":26}},{"start":{"line":17,"column":30},"end":{"line":17,"column":57}}],"line":17},"3":{"loc":{"start":{"line":24,"column":29},"end":{"line":24,"column":50}},"type":"binary-expr","locations":[{"start":{"line":24,"column":29},"end":{"line":24,"column":44}},{"start":{"line":24,"column":48},"end":{"line":24,"column":50}}],"line":24},"4":{"loc":{"start":{"line":25,"column":21},"end":{"line":25,"column":42}},"type":"binary-expr","locations":[{"start":{"line":25,"column":21},"end":{"line":25,"column":36}},{"start":{"line":25,"column":40},"end":{"line":25,"column":42}}],"line":25}},"s":{"0":2,"1":2,"2":1,"3":2,"4":0,"5":2,"6":1,"7":1},"f":{"0":2,"1":1},"b":{"0":[1,1],"1":[0,2],"2":[2,2],"3":[2,0],"4":[2,0]},"_coverageSchema":"1a1c01bbd47fc00a2c39e90264f33305004495a9","hash":"1483a64ac4ae53eec3e8ecd4614d6f058a17d181"}
,"/home/jarancibia/ai/dcli/cli/plan-runtime.js": {"path":"/home/jarancibia/ai/dcli/cli/plan-runtime.js","statementMap":{"0":{"start":{"line":1,"column":23},"end":{"line":1,"column":43}},"1":{"start":{"line":4,"column":2},"end":{"line":8,"column":3}},"2":{"start":{"line":12,"column":2},"end":{"line":16,"column":3}},"3":{"start":{"line":20,"column":2},"end":{"line":20,"column":56}},"4":{"start":{"line":21,"column":2},"end":{"line":21,"column":43}},"5":{"start":{"line":22,"column":2},"end":{"line":22,"column":46}},"6":{"start":{"line":23,"column":2},"end":{"line":23,"column":68}},"7":{"start":{"line":24,"column":2},"end":{"line":24,"column":62}},"8":{"start":{"line":25,"column":2},"end":{"line":25,"column":27}},"9":{"start":{"line":26,"column":2},"end":{"line":26,"column":122}},"10":{"start":{"line":26,"column":31},"end":{"line":26,"column":121}},"11":{"start":{"line":27,"column":2},"end":{"line":28,"column":102}},"12":{"start":{"line":27,"column":22},"end":{"line":27,"column":82}},"13":{"start":{"line":28,"column":7},"end":{"line":28,"column":102}},"14":{"start":{"line":29,"column":2},"end":{"line":29,"column":17}},"15":{"start":{"line":32,"column":0},"end":{"line":32,"column":72}}},"fnMap":{"0":{"name":"buildLocalPlan","decl":{"start":{"line":3,"column":9},"end":{"line":3,"column":23}},"loc":{"start":{"line":3,"column":35},"end":{"line":9,"column":1}},"line":3},"1":{"name":"annotateServerPlan","decl":{"start":{"line":11,"column":9},"end":{"line":11,"column":27}},"loc":{"start":{"line":11,"column":34},"end":{"line":17,"column":1}},"line":11},"2":{"name":"outputHumanPlan","decl":{"start":{"line":19,"column":9},"end":{"line":19,"column":24}},"loc":{"start":{"line":19,"column":31},"end":{"line":30,"column":1}},"line":19},"3":{"name":"(anonymous_3)","decl":{"start":{"line":26,"column":21},"end":{"line":26,"column":22}},"loc":{"start":{"line":26,"column":31},"end":{"line":26,"column":121}},"line":26}},"branchMap":{"0":{"loc":{"start":{"line":23,"column":33},"end":{"line":23,"column":65}},"type":"cond-expr","locations":[{"start":{"line":23,"column":53},"end":{"line":23,"column":58}},{"start":{"line":23,"column":61},"end":{"line":23,"column":65}}],"line":23},"1":{"loc":{"start":{"line":24,"column":30},"end":{"line":24,"column":59}},"type":"cond-expr","locations":[{"start":{"line":24,"column":47},"end":{"line":24,"column":52}},{"start":{"line":24,"column":55},"end":{"line":24,"column":59}}],"line":24},"2":{"loc":{"start":{"line":26,"column":72},"end":{"line":26,"column":103}},"type":"binary-expr","locations":[{"start":{"line":26,"column":72},"end":{"line":26,"column":85}},{"start":{"line":26,"column":89},"end":{"line":26,"column":97}},{"start":{"line":26,"column":101},"end":{"line":26,"column":103}}],"line":26},"3":{"loc":{"start":{"line":26,"column":107},"end":{"line":26,"column":118}},"type":"binary-expr","locations":[{"start":{"line":26,"column":107},"end":{"line":26,"column":112}},{"start":{"line":26,"column":116},"end":{"line":26,"column":118}}],"line":26},"4":{"loc":{"start":{"line":27,"column":2},"end":{"line":28,"column":102}},"type":"if","locations":[{"start":{"line":27,"column":2},"end":{"line":28,"column":102}},{"start":{"line":28,"column":7},"end":{"line":28,"column":102}}],"line":27}},"s":{"0":1,"1":1,"2":1,"3":1,"4":1,"5":1,"6":1,"7":1,"8":1,"9":1,"10":1,"11":1,"12":0,"13":1,"14":1,"15":1},"f":{"0":1,"1":1,"2":1,"3":1},"b":{"0":[0,1],"1":[0,1],"2":[1,0,0],"3":[1,1],"4":[0,1]},"_coverageSchema":"1a1c01bbd47fc00a2c39e90264f33305004495a9","hash":"35f735013840f5cbb7954ab4dc24761c6fea8ec7"}
,"/home/jarancibia/ai/dcli/cli/planner.js": {"path":"/home/jarancibia/ai/dcli/cli/planner.js","statementMap":{"0":{"start":{"line":1,"column":15},"end":{"line":1,"column":32}},"1":{"start":{"line":4,"column":2},"end":{"line":4,"column":56}},"2":{"start":{"line":8,"column":16},"end":{"line":8,"column":18}},"3":{"start":{"line":11,"column":2},"end":{"line":15,"column":4}},"4":{"start":{"line":18,"column":2},"end":{"line":22,"column":4}},"5":{"start":{"line":25,"column":22},"end":{"line":25,"column":80}},"6":{"start":{"line":26,"column":2},"end":{"line":39,"column":3}},"7":{"start":{"line":27,"column":4},"end":{"line":27,"column":81}},"8":{"start":{"line":28,"column":4},"end":{"line":28,"column":80}},"9":{"start":{"line":29,"column":4},"end":{"line":29,"column":82}},"10":{"start":{"line":30,"column":9},"end":{"line":39,"column":3}},"11":{"start":{"line":31,"column":4},"end":{"line":31,"column":81}},"12":{"start":{"line":32,"column":4},"end":{"line":32,"column":64}},"13":{"start":{"line":33,"column":4},"end":{"line":33,"column":92}},"14":{"start":{"line":34,"column":9},"end":{"line":39,"column":3}},"15":{"start":{"line":35,"column":4},"end":{"line":35,"column":66}},"16":{"start":{"line":36,"column":4},"end":{"line":36,"column":66}},"17":{"start":{"line":38,"column":4},"end":{"line":38,"column":66}},"18":{"start":{"line":40,"column":2},"end":{"line":40,"column":25}},"19":{"start":{"line":43,"column":2},"end":{"line":47,"column":4}},"20":{"start":{"line":50,"column":21},"end":{"line":50,"column":37}},"21":{"start":{"line":51,"column":20},"end":{"line":51,"column":70}},"22":{"start":{"line":53,"column":2},"end":{"line":64,"column":3}},"23":{"start":{"line":67,"column":0},"end":{"line":67,"column":31}}},"fnMap":{"0":{"name":"generatePlanId","decl":{"start":{"line":3,"column":9},"end":{"line":3,"column":23}},"loc":{"start":{"line":3,"column":26},"end":{"line":5,"column":1}},"line":3},"1":{"name":"createPlan","decl":{"start":{"line":7,"column":9},"end":{"line":7,"column":19}},"loc":{"start":{"line":7,"column":31},"end":{"line":65,"column":1}},"line":7}},"branchMap":{"0":{"loc":{"start":{"line":26,"column":2},"end":{"line":39,"column":3}},"type":"if","locations":[{"start":{"line":26,"column":2},"end":{"line":39,"column":3}},{"start":{"line":30,"column":9},"end":{"line":39,"column":3}}],"line":26},"1":{"loc":{"start":{"line":27,"column":25},"end":{"line":27,"column":81}},"type":"binary-expr","locations":[{"start":{"line":27,"column":26},"end":{"line":27,"column":43}},{"start":{"line":27,"column":47},"end":{"line":27,"column":71}},{"start":{"line":27,"column":76},"end":{"line":27,"column":81}}],"line":27},"2":{"loc":{"start":{"line":28,"column":30},"end":{"line":28,"column":80}},"type":"binary-expr","locations":[{"start":{"line":28,"column":30},"end":{"line":28,"column":47}},{"start":{"line":28,"column":51},"end":{"line":28,"column":80}}],"line":28},"3":{"loc":{"start":{"line":30,"column":9},"end":{"line":39,"column":3}},"type":"if","locations":[{"start":{"line":30,"column":9},"end":{"line":39,"column":3}},{"start":{"line":34,"column":9},"end":{"line":39,"column":3}}],"line":30},"4":{"loc":{"start":{"line":31,"column":25},"end":{"line":31,"column":81}},"type":"binary-expr","locations":[{"start":{"line":31,"column":26},"end":{"line":31,"column":43}},{"start":{"line":31,"column":47},"end":{"line":31,"column":71}},{"start":{"line":31,"column":76},"end":{"line":31,"column":81}}],"line":31},"5":{"loc":{"start":{"line":32,"column":22},"end":{"line":32,"column":64}},"type":"binary-expr","locations":[{"start":{"line":32,"column":22},"end":{"line":32,"column":39}},{"start":{"line":32,"column":43},"end":{"line":32,"column":64}}],"line":32},"6":{"loc":{"start":{"line":33,"column":60},"end":{"line":33,"column":90}},"type":"binary-expr","locations":[{"start":{"line":33,"column":60},"end":{"line":33,"column":75}},{"start":{"line":33,"column":79},"end":{"line":33,"column":90}}],"line":33},"7":{"loc":{"start":{"line":34,"column":9},"end":{"line":39,"column":3}},"type":"if","locations":[{"start":{"line":34,"column":9},"end":{"line":39,"column":3}},{"start":{"line":37,"column":9},"end":{"line":39,"column":3}}],"line":34},"8":{"loc":{"start":{"line":35,"column":23},"end":{"line":35,"column":66}},"type":"binary-expr","locations":[{"start":{"line":35,"column":23},"end":{"line":35,"column":40}},{"start":{"line":35,"column":44},"end":{"line":35,"column":66}}],"line":35},"9":{"loc":{"start":{"line":51,"column":20},"end":{"line":51,"column":70}},"type":"binary-expr","locations":[{"start":{"line":51,"column":20},"end":{"line":51,"column":34}},{"start":{"line":51,"column":39},"end":{"line":51,"column":69}}],"line":51},"10":{"loc":{"start":{"line":51,"column":39},"end":{"line":51,"column":69}},"type":"cond-expr","locations":[{"start":{"line":51,"column":52},"end":{"line":51,"column":60}},{"start":{"line":51,"column":63},"end":{"line":51,"column":69}}],"line":51},"11":{"loc":{"start":{"line":60,"column":27},"end":{"line":60,"column":90}},"type":"cond-expr","locations":[{"start":{"line":60,"column":81},"end":{"line":60,"column":84}},{"start":{"line":60,"column":87},"end":{"line":60,"column":90}}],"line":60},"12":{"loc":{"start":{"line":60,"column":27},"end":{"line":60,"column":78}},"type":"binary-expr","locations":[{"start":{"line":60,"column":27},"end":{"line":60,"column":49}},{"start":{"line":60,"column":53},"end":{"line":60,"column":78}}],"line":60}},"s":{"0":3,"1":5,"2":5,"3":5,"4":5,"5":5,"6":5,"7":1,"8":1,"9":1,"10":4,"11":1,"12":1,"13":1,"14":3,"15":1,"16":1,"17":2,"18":5,"19":5,"20":5,"21":5,"22":5,"23":3},"f":{"0":5,"1":5},"b":{"0":[1,4],"1":[1,1,1],"2":[1,1],"3":[1,3],"4":[1,1,0],"5":[1,1],"6":[1,0],"7":[1,2],"8":[1,1],"9":[5,5],"10":[1,4],"11":[2,3],"12":[5,4]},"_coverageSchema":"1a1c01bbd47fc00a2c39e90264f33305004495a9","hash":"52aaeaecf45cc35abaf6e9162113cc0c26107669"}
,"/home/jarancibia/ai/dcli/cli/skills.js": {"path":"/home/jarancibia/ai/dcli/cli/skills.js","statementMap":{"0":{"start":{"line":1,"column":23},"end":{"line":1,"column":43}},"1":{"start":{"line":4,"column":2},"end":{"line":4,"column":54}},"2":{"start":{"line":4,"column":43},"end":{"line":4,"column":54}},"3":{"start":{"line":5,"column":16},"end":{"line":5,"column":39}},"4":{"start":{"line":6,"column":2},"end":{"line":6,"column":60}},"5":{"start":{"line":6,"column":44},"end":{"line":6,"column":46}},"6":{"start":{"line":6,"column":49},"end":{"line":6,"column":60}},"7":{"start":{"line":7,"column":2},"end":{"line":12,"column":3}},"8":{"start":{"line":16,"column":14},"end":{"line":16,"column":48}},"9":{"start":{"line":17,"column":2},"end":{"line":17,"column":65}},"10":{"start":{"line":21,"column":15},"end":{"line":21,"column":34}},"11":{"start":{"line":22,"column":2},"end":{"line":34,"column":4}},"12":{"start":{"line":23,"column":17},"end":{"line":26,"column":5}},"13":{"start":{"line":27,"column":4},"end":{"line":27,"column":56}},"14":{"start":{"line":27,"column":23},"end":{"line":27,"column":56}},"15":{"start":{"line":28,"column":4},"end":{"line":28,"column":49}},"16":{"start":{"line":28,"column":22},"end":{"line":28,"column":49}},"17":{"start":{"line":29,"column":4},"end":{"line":29,"column":46}},"18":{"start":{"line":29,"column":21},"end":{"line":29,"column":46}},"19":{"start":{"line":30,"column":4},"end":{"line":30,"column":37}},"20":{"start":{"line":30,"column":18},"end":{"line":30,"column":37}},"21":{"start":{"line":31,"column":4},"end":{"line":31,"column":62}},"22":{"start":{"line":31,"column":26},"end":{"line":31,"column":62}},"23":{"start":{"line":32,"column":4},"end":{"line":32,"column":40}},"24":{"start":{"line":32,"column":19},"end":{"line":32,"column":40}},"25":{"start":{"line":33,"column":4},"end":{"line":33,"column":15}},"26":{"start":{"line":38,"column":14},"end":{"line":38,"column":32}},"27":{"start":{"line":39,"column":2},"end":{"line":56,"column":3}},"28":{"start":{"line":40,"column":4},"end":{"line":40,"column":45}},"29":{"start":{"line":40,"column":28},"end":{"line":40,"column":45}},"30":{"start":{"line":41,"column":4},"end":{"line":55,"column":17}},"31":{"start":{"line":43,"column":8},"end":{"line":52,"column":9}},"32":{"start":{"line":44,"column":26},"end":{"line":44,"column":46}},"33":{"start":{"line":45,"column":10},"end":{"line":45,"column":55}},"34":{"start":{"line":45,"column":36},"end":{"line":45,"column":55}},"35":{"start":{"line":46,"column":41},"end":{"line":46,"column":51}},"36":{"start":{"line":47,"column":20},"end":{"line":47,"column":74}},"37":{"start":{"line":48,"column":10},"end":{"line":50,"column":11}},"38":{"start":{"line":48,"column":23},"end":{"line":48,"column":24}},"39":{"start":{"line":49,"column":12},"end":{"line":49,"column":83}},"40":{"start":{"line":51,"column":10},"end":{"line":51,"column":20}},"41":{"start":{"line":53,"column":8},"end":{"line":53,"column":50}},"42":{"start":{"line":58,"column":2},"end":{"line":60,"column":3}},"43":{"start":{"line":59,"column":4},"end":{"line":59,"column":45}},"44":{"start":{"line":62,"column":16},"end":{"line":62,"column":18}},"45":{"start":{"line":63,"column":2},"end":{"line":70,"column":3}},"46":{"start":{"line":64,"column":4},"end":{"line":69,"column":5}},"47":{"start":{"line":65,"column":6},"end":{"line":65,"column":33}},"48":{"start":{"line":66,"column":6},"end":{"line":66,"column":51}},"49":{"start":{"line":68,"column":6},"end":{"line":68,"column":58}},"50":{"start":{"line":71,"column":2},"end":{"line":71,"column":25}},"51":{"start":{"line":75,"column":2},"end":{"line":75,"column":65}},"52":{"start":{"line":75,"column":34},"end":{"line":75,"column":65}},"53":{"start":{"line":76,"column":2},"end":{"line":76,"column":53}},"54":{"start":{"line":76,"column":33},"end":{"line":76,"column":53}},"55":{"start":{"line":77,"column":2},"end":{"line":77,"column":34}},"56":{"start":{"line":77,"column":21},"end":{"line":77,"column":34}},"57":{"start":{"line":78,"column":2},"end":{"line":78,"column":32}},"58":{"start":{"line":82,"column":21},"end":{"line":82,"column":38}},"59":{"start":{"line":83,"column":19},"end":{"line":88,"column":5}},"60":{"start":{"line":83,"column":48},"end":{"line":88,"column":3}},"61":{"start":{"line":90,"column":22},"end":{"line":101,"column":3}},"62":{"start":{"line":103,"column":2},"end":{"line":105,"column":3}},"63":{"start":{"line":104,"column":4},"end":{"line":104,"column":37}},"64":{"start":{"line":107,"column":22},"end":{"line":113,"column":11}},"65":{"start":{"line":109,"column":6},"end":{"line":109,"column":60}},"66":{"start":{"line":109,"column":24},"end":{"line":109,"column":60}},"67":{"start":{"line":110,"column":6},"end":{"line":110,"column":42}},"68":{"start":{"line":115,"column":19},"end":{"line":117,"column":3}},"69":{"start":{"line":119,"column":2},"end":{"line":121,"column":3}},"70":{"start":{"line":120,"column":4},"end":{"line":120,"column":98}},"71":{"start":{"line":123,"column":2},"end":{"line":123,"column":113}},"72":{"start":{"line":127,"column":21},"end":{"line":127,"column":38}},"73":{"start":{"line":129,"column":22},"end":{"line":156,"column":3}},"74":{"start":{"line":158,"column":2},"end":{"line":164,"column":3}},"75":{"start":{"line":159,"column":4},"end":{"line":163,"column":5}},"76":{"start":{"line":166,"column":2},"end":{"line":166,"column":693}},"77":{"start":{"line":170,"column":2},"end":{"line":173,"column":5}},"78":{"start":{"line":170,"column":45},"end":{"line":173,"column":3}},"79":{"start":{"line":177,"column":90},"end":{"line":177,"column":97}},"80":{"start":{"line":178,"column":21},"end":{"line":178,"column":34}},"81":{"start":{"line":179,"column":17},"end":{"line":179,"column":43}},"82":{"start":{"line":181,"column":2},"end":{"line":194,"column":3}},"83":{"start":{"line":182,"column":19},"end":{"line":182,"column":45}},"84":{"start":{"line":183,"column":4},"end":{"line":192,"column":5}},"85":{"start":{"line":184,"column":6},"end":{"line":184,"column":35}},"86":{"start":{"line":185,"column":6},"end":{"line":188,"column":8}},"87":{"start":{"line":189,"column":6},"end":{"line":189,"column":21}},"88":{"start":{"line":191,"column":6},"end":{"line":191,"column":24}},"89":{"start":{"line":193,"column":4},"end":{"line":193,"column":15}},"90":{"start":{"line":196,"column":2},"end":{"line":203,"column":3}},"91":{"start":{"line":197,"column":4},"end":{"line":200,"column":5}},"92":{"start":{"line":198,"column":6},"end":{"line":198,"column":134}},"93":{"start":{"line":199,"column":6},"end":{"line":199,"column":17}},"94":{"start":{"line":201,"column":4},"end":{"line":201,"column":74}},"95":{"start":{"line":202,"column":4},"end":{"line":202,"column":15}},"96":{"start":{"line":205,"column":2},"end":{"line":228,"column":3}},"97":{"start":{"line":206,"column":4},"end":{"line":209,"column":5}},"98":{"start":{"line":207,"column":6},"end":{"line":207,"column":132}},"99":{"start":{"line":208,"column":6},"end":{"line":208,"column":17}},"100":{"start":{"line":211,"column":21},"end":{"line":211,"column":130}},"101":{"start":{"line":212,"column":19},"end":{"line":212,"column":45}},"102":{"start":{"line":213,"column":4},"end":{"line":216,"column":5}},"103":{"start":{"line":214,"column":6},"end":{"line":214,"column":164}},"104":{"start":{"line":215,"column":6},"end":{"line":215,"column":17}},"105":{"start":{"line":218,"column":16},"end":{"line":220,"column":5}},"106":{"start":{"line":219,"column":6},"end":{"line":219,"column":102}},"107":{"start":{"line":221,"column":4},"end":{"line":224,"column":5}},"108":{"start":{"line":222,"column":6},"end":{"line":222,"column":151}},"109":{"start":{"line":223,"column":6},"end":{"line":223,"column":17}},"110":{"start":{"line":226,"column":4},"end":{"line":226,"column":81}},"111":{"start":{"line":227,"column":4},"end":{"line":227,"column":15}},"112":{"start":{"line":230,"column":2},"end":{"line":230,"column":134}},"113":{"start":{"line":231,"column":2},"end":{"line":231,"column":13}},"114":{"start":{"line":234,"column":0},"end":{"line":240,"column":1}}},"fnMap":{"0":{"name":"normalizeSkillId","decl":{"start":{"line":3,"column":9},"end":{"line":3,"column":25}},"loc":{"start":{"line":3,"column":33},"end":{"line":13,"column":1}},"line":3},"1":{"name":"(anonymous_1)","decl":{"start":{"line":6,"column":39},"end":{"line":6,"column":40}},"loc":{"start":{"line":6,"column":44},"end":{"line":6,"column":46}},"line":6},"2":{"name":"escapeYamlString","decl":{"start":{"line":15,"column":9},"end":{"line":15,"column":25}},"loc":{"start":{"line":15,"column":33},"end":{"line":18,"column":1}},"line":15},"3":{"name":"toDagNodes","decl":{"start":{"line":20,"column":9},"end":{"line":20,"column":19}},"loc":{"start":{"line":20,"column":25},"end":{"line":35,"column":1}},"line":20},"4":{"name":"(anonymous_4)","decl":{"start":{"line":22,"column":24},"end":{"line":22,"column":25}},"loc":{"start":{"line":22,"column":32},"end":{"line":34,"column":3}},"line":22},"5":{"name":"renderYamlObject","decl":{"start":{"line":37,"column":9},"end":{"line":37,"column":25}},"loc":{"start":{"line":37,"column":45},"end":{"line":72,"column":1}},"line":37},"6":{"name":"(anonymous_6)","decl":{"start":{"line":42,"column":11},"end":{"line":42,"column":12}},"loc":{"start":{"line":42,"column":19},"end":{"line":54,"column":7}},"line":42},"7":{"name":"renderYamlScalar","decl":{"start":{"line":74,"column":9},"end":{"line":74,"column":25}},"loc":{"start":{"line":74,"column":33},"end":{"line":79,"column":1}},"line":74},"8":{"name":"buildCommandSkillMarkdown","decl":{"start":{"line":81,"column":9},"end":{"line":81,"column":34}},"loc":{"start":{"line":81,"column":54},"end":{"line":124,"column":1}},"line":81},"9":{"name":"(anonymous_9)","decl":{"start":{"line":83,"column":40},"end":{"line":83,"column":41}},"loc":{"start":{"line":83,"column":48},"end":{"line":88,"column":3}},"line":83},"10":{"name":"(anonymous_10)","decl":{"start":{"line":108,"column":9},"end":{"line":108,"column":10}},"loc":{"start":{"line":108,"column":16},"end":{"line":111,"column":5}},"line":108},"11":{"name":"buildTeachSkillMarkdown","decl":{"start":{"line":126,"column":9},"end":{"line":126,"column":32}},"loc":{"start":{"line":126,"column":47},"end":{"line":167,"column":1}},"line":126},"12":{"name":"listSkillsMetadata","decl":{"start":{"line":169,"column":9},"end":{"line":169,"column":27}},"loc":{"start":{"line":169,"column":36},"end":{"line":174,"column":1}},"line":169},"13":{"name":"(anonymous_13)","decl":{"start":{"line":170,"column":37},"end":{"line":170,"column":38}},"loc":{"start":{"line":170,"column":45},"end":{"line":173,"column":3}},"line":170},"14":{"name":"handleSkillsCommand","decl":{"start":{"line":176,"column":9},"end":{"line":176,"column":28}},"loc":{"start":{"line":176,"column":38},"end":{"line":232,"column":1}},"line":176},"15":{"name":"(anonymous_15)","decl":{"start":{"line":218,"column":37},"end":{"line":218,"column":38}},"loc":{"start":{"line":219,"column":6},"end":{"line":219,"column":102}},"line":219}},"branchMap":{"0":{"loc":{"start":{"line":4,"column":2},"end":{"line":4,"column":54}},"type":"if","locations":[{"start":{"line":4,"column":2},"end":{"line":4,"column":54}},{"start":{},"end":{}}],"line":4},"1":{"loc":{"start":{"line":4,"column":6},"end":{"line":4,"column":41}},"type":"binary-expr","locations":[{"start":{"line":4,"column":6},"end":{"line":4,"column":12}},{"start":{"line":4,"column":16},"end":{"line":4,"column":41}}],"line":4},"2":{"loc":{"start":{"line":6,"column":2},"end":{"line":6,"column":60}},"type":"if","locations":[{"start":{"line":6,"column":2},"end":{"line":6,"column":60}},{"start":{},"end":{}}],"line":6},"3":{"loc":{"start":{"line":6,"column":6},"end":{"line":6,"column":47}},"type":"binary-expr","locations":[{"start":{"line":6,"column":6},"end":{"line":6,"column":24}},{"start":{"line":6,"column":28},"end":{"line":6,"column":47}}],"line":6},"4":{"loc":{"start":{"line":16,"column":14},"end":{"line":16,"column":48}},"type":"cond-expr","locations":[{"start":{"line":16,"column":30},"end":{"line":16,"column":32}},{"start":{"line":16,"column":35},"end":{"line":16,"column":48}}],"line":16},"5":{"loc":{"start":{"line":27,"column":4},"end":{"line":27,"column":56}},"type":"if","locations":[{"start":{"line":27,"column":4},"end":{"line":27,"column":56}},{"start":{},"end":{}}],"line":27},"6":{"loc":{"start":{"line":28,"column":4},"end":{"line":28,"column":49}},"type":"if","locations":[{"start":{"line":28,"column":4},"end":{"line":28,"column":49}},{"start":{},"end":{}}],"line":28},"7":{"loc":{"start":{"line":29,"column":4},"end":{"line":29,"column":46}},"type":"if","locations":[{"start":{"line":29,"column":4},"end":{"line":29,"column":46}},{"start":{},"end":{}}],"line":29},"8":{"loc":{"start":{"line":30,"column":4},"end":{"line":30,"column":37}},"type":"if","locations":[{"start":{"line":30,"column":4},"end":{"line":30,"column":37}},{"start":{},"end":{}}],"line":30},"9":{"loc":{"start":{"line":31,"column":4},"end":{"line":31,"column":62}},"type":"if","locations":[{"start":{"line":31,"column":4},"end":{"line":31,"column":62}},{"start":{},"end":{}}],"line":31},"10":{"loc":{"start":{"line":32,"column":4},"end":{"line":32,"column":40}},"type":"if","locations":[{"start":{"line":32,"column":4},"end":{"line":32,"column":40}},{"start":{},"end":{}}],"line":32},"11":{"loc":{"start":{"line":37,"column":33},"end":{"line":37,"column":43}},"type":"default-arg","locations":[{"start":{"line":37,"column":42},"end":{"line":37,"column":43}}],"line":37},"12":{"loc":{"start":{"line":39,"column":2},"end":{"line":56,"column":3}},"type":"if","locations":[{"start":{"line":39,"column":2},"end":{"line":56,"column":3}},{"start":{},"end":{}}],"line":39},"13":{"loc":{"start":{"line":40,"column":4},"end":{"line":40,"column":45}},"type":"if","locations":[{"start":{"line":40,"column":4},"end":{"line":40,"column":45}},{"start":{},"end":{}}],"line":40},"14":{"loc":{"start":{"line":43,"column":8},"end":{"line":52,"column":9}},"type":"if","locations":[{"start":{"line":43,"column":8},"end":{"line":52,"column":9}},{"start":{},"end":{}}],"line":43},"15":{"loc":{"start":{"line":43,"column":12},"end":{"line":43,"column":68}},"type":"binary-expr","locations":[{"start":{"line":43,"column":12},"end":{"line":43,"column":16}},{"start":{"line":43,"column":20},"end":{"line":43,"column":44}},{"start":{"line":43,"column":48},"end":{"line":43,"column":68}}],"line":43},"16":{"loc":{"start":{"line":45,"column":10},"end":{"line":45,"column":55}},"type":"if","locations":[{"start":{"line":45,"column":10},"end":{"line":45,"column":55}},{"start":{},"end":{}}],"line":45},"17":{"loc":{"start":{"line":58,"column":2},"end":{"line":60,"column":3}},"type":"if","locations":[{"start":{"line":58,"column":2},"end":{"line":60,"column":3}},{"start":{},"end":{}}],"line":58},"18":{"loc":{"start":{"line":58,"column":6},"end":{"line":58,"column":41}},"type":"binary-expr","locations":[{"start":{"line":58,"column":6},"end":{"line":58,"column":12}},{"start":{"line":58,"column":16},"end":{"line":58,"column":41}}],"line":58},"19":{"loc":{"start":{"line":64,"column":4},"end":{"line":69,"column":5}},"type":"if","locations":[{"start":{"line":64,"column":4},"end":{"line":69,"column":5}},{"start":{"line":67,"column":11},"end":{"line":69,"column":5}}],"line":64},"20":{"loc":{"start":{"line":64,"column":8},"end":{"line":64,"column":62}},"type":"binary-expr","locations":[{"start":{"line":64,"column":8},"end":{"line":64,"column":26}},{"start":{"line":64,"column":31},"end":{"line":64,"column":34}},{"start":{"line":64,"column":38},"end":{"line":64,"column":61}}],"line":64},"21":{"loc":{"start":{"line":75,"column":2},"end":{"line":75,"column":65}},"type":"if","locations":[{"start":{"line":75,"column":2},"end":{"line":75,"column":65}},{"start":{},"end":{}}],"line":75},"22":{"loc":{"start":{"line":75,"column":41},"end":{"line":75,"column":65}},"type":"cond-expr","locations":[{"start":{"line":75,"column":49},"end":{"line":75,"column":55}},{"start":{"line":75,"column":58},"end":{"line":75,"column":65}}],"line":75},"23":{"loc":{"start":{"line":76,"column":2},"end":{"line":76,"column":53}},"type":"if","locations":[{"start":{"line":76,"column":2},"end":{"line":76,"column":53}},{"start":{},"end":{}}],"line":76},"24":{"loc":{"start":{"line":77,"column":2},"end":{"line":77,"column":34}},"type":"if","locations":[{"start":{"line":77,"column":2},"end":{"line":77,"column":34}},{"start":{},"end":{}}],"line":77},"25":{"loc":{"start":{"line":81,"column":40},"end":{"line":81,"column":52}},"type":"default-arg","locations":[{"start":{"line":81,"column":50},"end":{"line":81,"column":52}}],"line":81},"26":{"loc":{"start":{"line":83,"column":20},"end":{"line":83,"column":34}},"type":"binary-expr","locations":[{"start":{"line":83,"column":20},"end":{"line":83,"column":28}},{"start":{"line":83,"column":32},"end":{"line":83,"column":34}}],"line":83},"27":{"loc":{"start":{"line":85,"column":10},"end":{"line":85,"column":30}},"type":"binary-expr","locations":[{"start":{"line":85,"column":10},"end":{"line":85,"column":18}},{"start":{"line":85,"column":22},"end":{"line":85,"column":30}}],"line":85},"28":{"loc":{"start":{"line":87,"column":17},"end":{"line":87,"column":38}},"type":"binary-expr","locations":[{"start":{"line":87,"column":17},"end":{"line":87,"column":32}},{"start":{"line":87,"column":36},"end":{"line":87,"column":38}}],"line":87},"29":{"loc":{"start":{"line":92,"column":17},"end":{"line":92,"column":92}},"type":"binary-expr","locations":[{"start":{"line":92,"column":17},"end":{"line":92,"column":32}},{"start":{"line":92,"column":36},"end":{"line":92,"column":92}}],"line":92},"30":{"loc":{"start":{"line":95,"column":19},"end":{"line":95,"column":51}},"type":"binary-expr","locations":[{"start":{"line":95,"column":19},"end":{"line":95,"column":29}},{"start":{"line":95,"column":33},"end":{"line":95,"column":51}}],"line":95},"31":{"loc":{"start":{"line":98,"column":18},"end":{"line":98,"column":42}},"type":"binary-expr","locations":[{"start":{"line":98,"column":18},"end":{"line":98,"column":32}},{"start":{"line":98,"column":36},"end":{"line":98,"column":42}}],"line":98},"32":{"loc":{"start":{"line":103,"column":2},"end":{"line":105,"column":3}},"type":"if","locations":[{"start":{"line":103,"column":2},"end":{"line":105,"column":3}},{"start":{},"end":{}}],"line":103},"33":{"loc":{"start":{"line":107,"column":23},"end":{"line":107,"column":37}},"type":"binary-expr","locations":[{"start":{"line":107,"column":23},"end":{"line":107,"column":31}},{"start":{"line":107,"column":35},"end":{"line":107,"column":37}}],"line":107},"34":{"loc":{"start":{"line":109,"column":6},"end":{"line":109,"column":60}},"type":"if","locations":[{"start":{"line":109,"column":6},"end":{"line":109,"column":60}},{"start":{},"end":{}}],"line":109},"35":{"loc":{"start":{"line":116,"column":62},"end":{"line":116,"column":98}},"type":"cond-expr","locations":[{"start":{"line":116,"column":76},"end":{"line":116,"column":93}},{"start":{"line":116,"column":96},"end":{"line":116,"column":98}}],"line":116},"36":{"loc":{"start":{"line":119,"column":2},"end":{"line":121,"column":3}},"type":"if","locations":[{"start":{"line":119,"column":2},"end":{"line":121,"column":3}},{"start":{},"end":{}}],"line":119},"37":{"loc":{"start":{"line":126,"column":33},"end":{"line":126,"column":45}},"type":"default-arg","locations":[{"start":{"line":126,"column":43},"end":{"line":126,"column":45}}],"line":126},"38":{"loc":{"start":{"line":158,"column":2},"end":{"line":164,"column":3}},"type":"if","locations":[{"start":{"line":158,"column":2},"end":{"line":164,"column":3}},{"start":{},"end":{}}],"line":158},"39":{"loc":{"start":{"line":170,"column":10},"end":{"line":170,"column":31}},"type":"binary-expr","locations":[{"start":{"line":170,"column":10},"end":{"line":170,"column":25}},{"start":{"line":170,"column":29},"end":{"line":170,"column":31}}],"line":170},"40":{"loc":{"start":{"line":172,"column":17},"end":{"line":172,"column":38}},"type":"binary-expr","locations":[{"start":{"line":172,"column":17},"end":{"line":172,"column":32}},{"start":{"line":172,"column":36},"end":{"line":172,"column":38}}],"line":172},"41":{"loc":{"start":{"line":179,"column":17},"end":{"line":179,"column":43}},"type":"binary-expr","locations":[{"start":{"line":179,"column":17},"end":{"line":179,"column":29}},{"start":{"line":179,"column":33},"end":{"line":179,"column":43}}],"line":179},"42":{"loc":{"start":{"line":181,"column":2},"end":{"line":194,"column":3}},"type":"if","locations":[{"start":{"line":181,"column":2},"end":{"line":194,"column":3}},{"start":{},"end":{}}],"line":181},"43":{"loc":{"start":{"line":183,"column":4},"end":{"line":192,"column":5}},"type":"if","locations":[{"start":{"line":183,"column":4},"end":{"line":192,"column":5}},{"start":{"line":190,"column":11},"end":{"line":192,"column":5}}],"line":183},"44":{"loc":{"start":{"line":183,"column":8},"end":{"line":183,"column":32}},"type":"binary-expr","locations":[{"start":{"line":183,"column":8},"end":{"line":183,"column":17}},{"start":{"line":183,"column":21},"end":{"line":183,"column":32}}],"line":183},"45":{"loc":{"start":{"line":196,"column":2},"end":{"line":203,"column":3}},"type":"if","locations":[{"start":{"line":196,"column":2},"end":{"line":203,"column":3}},{"start":{},"end":{}}],"line":196},"46":{"loc":{"start":{"line":197,"column":4},"end":{"line":200,"column":5}},"type":"if","locations":[{"start":{"line":197,"column":4},"end":{"line":200,"column":5}},{"start":{},"end":{}}],"line":197},"47":{"loc":{"start":{"line":205,"column":2},"end":{"line":228,"column":3}},"type":"if","locations":[{"start":{"line":205,"column":2},"end":{"line":228,"column":3}},{"start":{},"end":{}}],"line":205},"48":{"loc":{"start":{"line":206,"column":4},"end":{"line":209,"column":5}},"type":"if","locations":[{"start":{"line":206,"column":4},"end":{"line":209,"column":5}},{"start":{},"end":{}}],"line":206},"49":{"loc":{"start":{"line":211,"column":21},"end":{"line":211,"column":130}},"type":"binary-expr","locations":[{"start":{"line":211,"column":21},"end":{"line":211,"column":34}},{"start":{"line":211,"column":39},"end":{"line":211,"column":129}}],"line":211},"50":{"loc":{"start":{"line":211,"column":39},"end":{"line":211,"column":129}},"type":"cond-expr","locations":[{"start":{"line":211,"column":72},"end":{"line":211,"column":124}},{"start":{"line":211,"column":127},"end":{"line":211,"column":129}}],"line":211},"51":{"loc":{"start":{"line":211,"column":39},"end":{"line":211,"column":69}},"type":"binary-expr","locations":[{"start":{"line":211,"column":39},"end":{"line":211,"column":52}},{"start":{"line":211,"column":56},"end":{"line":211,"column":69}}],"line":211},"52":{"loc":{"start":{"line":213,"column":4},"end":{"line":216,"column":5}},"type":"if","locations":[{"start":{"line":213,"column":4},"end":{"line":216,"column":5}},{"start":{},"end":{}}],"line":213},"53":{"loc":{"start":{"line":219,"column":6},"end":{"line":219,"column":102}},"type":"binary-expr","locations":[{"start":{"line":219,"column":6},"end":{"line":219,"column":38}},{"start":{"line":219,"column":42},"end":{"line":219,"column":72}},{"start":{"line":219,"column":76},"end":{"line":219,"column":102}}],"line":219},"54":{"loc":{"start":{"line":221,"column":4},"end":{"line":224,"column":5}},"type":"if","locations":[{"start":{"line":221,"column":4},"end":{"line":224,"column":5}},{"start":{},"end":{}}],"line":221}},"s":{"0":1,"1":12,"2":3,"3":9,"4":9,"5":18,"6":4,"7":5,"8":77,"9":77,"10":2,"11":2,"12":8,"13":8,"14":6,"15":8,"16":0,"17":8,"18":0,"19":8,"20":0,"21":8,"22":0,"23":8,"24":0,"25":8,"26":31,"27":31,"28":10,"29":2,"30":8,"31":18,"32":18,"33":18,"34":0,"35":18,"36":18,"37":18,"38":18,"39":40,"40":18,"41":0,"42":21,"43":0,"44":21,"45":21,"46":75,"47":24,"48":24,"49":51,"50":21,"51":109,"52":21,"53":88,"54":11,"55":77,"56":0,"57":77,"58":5,"59":5,"60":3,"61":5,"62":5,"63":2,"64":5,"65":3,"66":2,"67":1,"68":5,"69":5,"70":2,"71":5,"72":2,"73":2,"74":2,"75":1,"76":2,"77":3,"78":3,"79":10,"80":10,"81":10,"82":10,"83":2,"84":2,"85":1,"86":1,"87":1,"88":1,"89":2,"90":8,"91":2,"92":1,"93":1,"94":1,"95":1,"96":6,"97":5,"98":1,"99":1,"100":4,"101":4,"102":4,"103":1,"104":1,"105":3,"106":2,"107":3,"108":1,"109":1,"110":2,"111":2,"112":1,"113":1,"114":1},"f":{"0":12,"1":18,"2":77,"3":2,"4":8,"5":31,"6":18,"7":109,"8":5,"9":3,"10":3,"11":2,"12":3,"13":3,"14":10,"15":2},"b":{"0":[3,9],"1":[12,10],"2":[4,5],"3":[9,7],"4":[0,77],"5":[6,2],"6":[0,8],"7":[0,8],"8":[0,8],"9":[0,8],"10":[0,8],"11":[7],"12":[10,21],"13":[2,8],"14":[18,0],"15":[18,18,18],"16":[0,18],"17":[0,21],"18":[21,21],"19":[24,51],"20":[75,65,58],"21":[21,88],"22":[9,12],"23":[11,77],"24":[0,77],"25":[2],"26":[5,2],"27":[3,0],"28":[3,3],"29":[5,0],"30":[5,5],"31":[5,5],"32":[2,3],"33":[5,2],"34":[2,1],"35":[3,2],"36":[2,3],"37":[0],"38":[1,1],"39":[3,0],"40":[3,0],"41":[10,3],"42":[2,8],"43":[1,1],"44":[2,1],"45":[2,6],"46":[1,1],"47":[5,1],"48":[1,4],"49":[4,0],"50":[0,0],"51":[0,0],"52":[1,3],"53":[2,2,2],"54":[1,2]},"_coverageSchema":"1a1c01bbd47fc00a2c39e90264f33305004495a9","hash":"e0cab90d2d76882848ebf6f4890d45d2e4f0693f"}
}
