TN:
SF:cli/help-json.js
FN:1,buildCapabilities
FN:24,(anonymous_1)
FNF:2
FNH:2
FNDA:2,buildCapabilities
FNDA:1,(anonymous_1)
DA:2,2
DA:16,2
DA:17,2
DA:19,2
DA:24,1
DA:47,1
LF:6
LH:6
BRDA:16,0,0,1
BRDA:16,0,1,1
BRDA:17,1,0,0
BRDA:17,1,1,2
BRDA:17,2,0,2
BRDA:17,2,1,2
BRDA:24,3,0,2
BRDA:24,3,1,0
BRDA:25,4,0,2
BRDA:25,4,1,0
BRF:10
BRH:7
end_of_record
TN:
SF:cli/plan-runtime.js
FN:3,buildLocalPlan
FN:11,annotateServerPlan
FN:19,outputHumanPlan
FN:26,(anonymous_3)
FNF:4
FNH:4
FNDA:1,buildLocalPlan
FNDA:1,annotateServerPlan
FNDA:1,outputHumanPlan
FNDA:1,(anonymous_3)
DA:1,1
DA:4,1
DA:12,1
DA:20,1
DA:21,1
DA:22,1
DA:23,1
DA:24,1
DA:25,1
DA:26,1
DA:27,1
DA:28,1
DA:29,1
DA:32,1
LF:14
LH:14
BRDA:23,0,0,0
BRDA:23,0,1,1
BRDA:24,1,0,0
BRDA:24,1,1,1
BRDA:26,2,0,1
BRDA:26,2,1,0
BRDA:26,2,2,0
BRDA:26,3,0,1
BRDA:26,3,1,1
BRDA:27,4,0,0
BRDA:27,4,1,1
BRF:11
BRH:6
end_of_record
TN:
SF:cli/planner.js
FN:3,generatePlanId
FN:7,createPlan
FNF:2
FNH:2
FNDA:5,generatePlanId
FNDA:5,createPlan
DA:1,3
DA:4,5
DA:8,5
DA:11,5
DA:18,5
DA:25,5
DA:26,5
DA:27,1
DA:28,1
DA:29,1
DA:30,4
DA:31,1
DA:32,1
DA:33,1
DA:34,3
DA:35,1
DA:36,1
DA:38,2
DA:40,5
DA:43,5
DA:50,5
DA:51,5
DA:53,5
DA:67,3
LF:24
LH:24
BRDA:26,0,0,1
BRDA:26,0,1,4
BRDA:27,1,0,1
BRDA:27,1,1,1
BRDA:27,1,2,1
BRDA:28,2,0,1
BRDA:28,2,1,1
BRDA:30,3,0,1
BRDA:30,3,1,3
BRDA:31,4,0,1
BRDA:31,4,1,1
BRDA:31,4,2,0
BRDA:32,5,0,1
BRDA:32,5,1,1
BRDA:33,6,0,1
BRDA:33,6,1,0
BRDA:34,7,0,1
BRDA:34,7,1,2
BRDA:35,8,0,1
BRDA:35,8,1,1
BRDA:51,9,0,5
BRDA:51,9,1,5
BRDA:51,10,0,1
BRDA:51,10,1,4
BRDA:60,11,0,2
BRDA:60,11,1,3
BRDA:60,12,0,5
BRDA:60,12,1,4
BRF:28
BRH:26
end_of_record
TN:
SF:cli/skills.js
FN:3,normalizeSkillId
FN:6,(anonymous_1)
FN:15,escapeYamlString
FN:20,toDagNodes
FN:22,(anonymous_4)
FN:37,renderYamlObject
FN:42,(anonymous_6)
FN:74,renderYamlScalar
FN:81,buildCommandSkillMarkdown
FN:83,(anonymous_9)
FN:108,(anonymous_10)
FN:126,buildTeachSkillMarkdown
FN:169,listSkillsMetadata
FN:170,(anonymous_13)
FN:176,handleSkillsCommand
FN:218,(anonymous_15)
FNF:16
FNH:16
FNDA:12,normalizeSkillId
FNDA:18,(anonymous_1)
FNDA:77,escapeYamlString
FNDA:2,toDagNodes
FNDA:8,(anonymous_4)
FNDA:31,renderYamlObject
FNDA:18,(anonymous_6)
FNDA:109,renderYamlScalar
FNDA:5,buildCommandSkillMarkdown
FNDA:3,(anonymous_9)
FNDA:3,(anonymous_10)
FNDA:2,buildTeachSkillMarkdown
FNDA:3,listSkillsMetadata
FNDA:3,(anonymous_13)
FNDA:10,handleSkillsCommand
FNDA:2,(anonymous_15)
DA:1,1
DA:4,12
DA:5,9
DA:6,18
DA:7,5
DA:16,77
DA:17,77
DA:21,2
DA:22,2
DA:23,8
DA:27,8
DA:28,8
DA:29,8
DA:30,8
DA:31,8
DA:32,8
DA:33,8
DA:38,31
DA:39,31
DA:40,10
DA:41,8
DA:43,18
DA:44,18
DA:45,18
DA:46,18
DA:47,18
DA:48,18
DA:49,40
DA:51,18
DA:53,0
DA:58,21
DA:59,0
DA:62,21
DA:63,21
DA:64,75
DA:65,24
DA:66,24
DA:68,51
DA:71,21
DA:75,109
DA:76,88
DA:77,77
DA:78,77
DA:82,5
DA:83,5
DA:90,5
DA:103,5
DA:104,2
DA:107,5
DA:109,3
DA:110,1
DA:115,5
DA:119,5
DA:120,2
DA:123,5
DA:127,2
DA:129,2
DA:158,2
DA:159,1
DA:166,2
DA:170,3
DA:177,10
DA:178,10
DA:179,10
DA:181,10
DA:182,2
DA:183,2
DA:184,1
DA:185,1
DA:189,1
DA:191,1
DA:193,2
DA:196,8
DA:197,2
DA:198,1
DA:199,1
DA:201,1
DA:202,1
DA:205,6
DA:206,5
DA:207,1
DA:208,1
DA:211,4
DA:212,4
DA:213,4
DA:214,1
DA:215,1
DA:218,3
DA:219,2
DA:221,3
DA:222,1
DA:223,1
DA:226,2
DA:227,2
DA:230,1
DA:231,1
DA:234,1
LF:97
LH:95
BRDA:4,0,0,3
BRDA:4,0,1,9
BRDA:4,1,0,12
BRDA:4,1,1,10
BRDA:6,2,0,4
BRDA:6,2,1,5
BRDA:6,3,0,9
BRDA:6,3,1,7
BRDA:16,4,0,0
BRDA:16,4,1,77
BRDA:27,5,0,6
BRDA:27,5,1,2
BRDA:28,6,0,0
BRDA:28,6,1,8
BRDA:29,7,0,0
BRDA:29,7,1,8
BRDA:30,8,0,0
BRDA:30,8,1,8
BRDA:31,9,0,0
BRDA:31,9,1,8
BRDA:32,10,0,0
BRDA:32,10,1,8
BRDA:37,11,0,7
BRDA:39,12,0,10
BRDA:39,12,1,21
BRDA:40,13,0,2
BRDA:40,13,1,8
BRDA:43,14,0,18
BRDA:43,14,1,0
BRDA:43,15,0,18
BRDA:43,15,1,18
BRDA:43,15,2,18
BRDA:45,16,0,0
BRDA:45,16,1,18
BRDA:58,17,0,0
BRDA:58,17,1,21
BRDA:58,18,0,21
BRDA:58,18,1,21
BRDA:64,19,0,24
BRDA:64,19,1,51
BRDA:64,20,0,75
BRDA:64,20,1,65
BRDA:64,20,2,58
BRDA:75,21,0,21
BRDA:75,21,1,88
BRDA:75,22,0,9
BRDA:75,22,1,12
BRDA:76,23,0,11
BRDA:76,23,1,77
BRDA:77,24,0,0
BRDA:77,24,1,77
BRDA:81,25,0,2
BRDA:83,26,0,5
BRDA:83,26,1,2
BRDA:85,27,0,3
BRDA:85,27,1,0
BRDA:87,28,0,3
BRDA:87,28,1,3
BRDA:92,29,0,5
BRDA:92,29,1,0
BRDA:95,30,0,5
BRDA:95,30,1,5
BRDA:98,31,0,5
BRDA:98,31,1,5
BRDA:103,32,0,2
BRDA:103,32,1,3
BRDA:107,33,0,5
BRDA:107,33,1,2
BRDA:109,34,0,2
BRDA:109,34,1,1
BRDA:116,35,0,3
BRDA:116,35,1,2
BRDA:119,36,0,2
BRDA:119,36,1,3
BRDA:126,37,0,0
BRDA:158,38,0,1
BRDA:158,38,1,1
BRDA:170,39,0,3
BRDA:170,39,1,0
BRDA:172,40,0,3
BRDA:172,40,1,0
BRDA:179,41,0,10
BRDA:179,41,1,3
BRDA:181,42,0,2
BRDA:181,42,1,8
BRDA:183,43,0,1
BRDA:183,43,1,1
BRDA:183,44,0,2
BRDA:183,44,1,1
BRDA:196,45,0,2
BRDA:196,45,1,6
BRDA:197,46,0,1
BRDA:197,46,1,1
BRDA:205,47,0,5
BRDA:205,47,1,1
BRDA:206,48,0,1
BRDA:206,48,1,4
BRDA:211,49,0,4
BRDA:211,49,1,0
BRDA:211,50,0,0
BRDA:211,50,1,0
BRDA:211,51,0,0
BRDA:211,51,1,0
BRDA:213,52,0,1
BRDA:213,52,1,3
BRDA:219,53,0,2
BRDA:219,53,1,2
BRDA:219,53,2,2
BRDA:221,54,0,1
BRDA:221,54,1,2
BRF:110
BRH:90
end_of_record
